{
  "stats": {
    "suites": 1,
    "tests": 1,
    "passes": 1,
    "pending": 0,
    "failures": 0,
    "start": "2022-03-21T23:53:12.686Z",
    "end": "2022-03-21T23:53:35.263Z",
    "duration": 22577,
    "testsRegistered": 1,
    "passPercent": 100,
    "pendingPercent": 0,
    "other": 0,
    "hasOther": false,
    "skipped": 0,
    "hasSkipped": false
  },
  "results": [
    {
      "uuid": "78264040-4cb8-47cb-97aa-e24b7d3238c5",
      "title": "",
      "fullFile": "cypress/integration/cadastro.spec.js",
      "file": "cypress/integration/cadastro.spec.js",
      "beforeHooks": [],
      "afterHooks": [],
      "tests": [],
      "suites": [
        {
          "uuid": "d5a7ae2e-db55-4b65-b382-6fa25cc2c857",
          "title": "Cadastro",
          "fullFile": "",
          "file": "",
          "beforeHooks": [],
          "afterHooks": [],
          "tests": [
            {
              "title": "Quando teste",
              "fullTitle": "Cadastro Quando teste",
              "timedOut": null,
              "duration": 19087,
              "state": "passed",
              "speed": "slow",
              "pass": true,
              "fail": false,
              "pending": false,
              "context": null,
              "code": "cy.visit('http://automationpractice.com');\ncy.get('.login').click();\ncy.get('title').should('have.text', 'Login - My Store');\ncy.get('input#email_create').type(chance.email());\ncy.get('#SubmitCreate').click();\ncy.get('.page-heading').should('have.text', 'Create an account');\ncy.get('#id_gender1').check();\ncy.get('input#customer_firstname').type(firstname);\ncy.get('input#customer_lastname').type(lastname);\ncy.get('input#passwd').type('Agilizei@123');\ncy.get('#days').select('30');\ncy.get('#months').select('July');\ncy.get('#years').select('1988');\ncy.get('#optin').check();\ncy.get('input#address1').type(chance.address());\ncy.get('input#city').type(chance.city());\ncy.get('#id_state').select('Florida');\ncy.get('input#postcode').type(chance.zip());\ncy.get('input#phone_mobile').type(chance.phone());\ncy.get('#submitAccount > span').click();\ncy.get('.account >').should('have.text', `${firstname} ${lastname}`);",
              "err": {},
              "uuid": "52635997-676b-4895-9520-0ec7ada1b3ba",
              "parentUUID": "d5a7ae2e-db55-4b65-b382-6fa25cc2c857",
              "isHook": false,
              "skipped": false
            }
          ],
          "suites": [],
          "passes": [
            "52635997-676b-4895-9520-0ec7ada1b3ba"
          ],
          "failures": [],
          "pending": [],
          "skipped": [],
          "duration": 19087,
          "root": false,
          "rootEmpty": false,
          "_timeout": 2000
        }
      ],
      "passes": [],
      "failures": [],
      "pending": [],
      "skipped": [],
      "duration": 0,
      "root": true,
      "rootEmpty": true,
      "_timeout": 2000
    }
  ],
  "meta": {
    "mocha": {
      "version": "7.0.1"
    },
    "mochawesome": {
      "options": {
        "quiet": true,
        "reportFilename": "mochawesome",
        "saveHtml": false,
        "saveJson": true,
        "consoleReporter": "spec",
        "useInlineDiffs": false,
        "code": true
      },
      "version": "7.1.2"
    },
    "marge": {
      "options": {
        "id": "default",
        "reportDir": "mochawesome-report",
        "quiet": true,
        "overwrite": false,
        "html": false,
        "json": true
      },
      "version": "6.1.1"
    }
  }
}